<?xml version="1.0" encoding="UTF-8"?>
<!-- Generated by org.testng.reporters.JUnitReportReporter -->
<testsuite hostname="DESKTOP-HDDG8Q7" failures="0" tests="1" name="com.assesment.com.DouglasCookieTest" time="5.796" errors="0" timestamp="2025-03-29T20:59:25 IST" skipped="0">
  <testcase classname="com.assesment.com.DouglasCookieTest" name="testHandleCookieConsent" time="5.796"/>
  <system-out/>
</testsuite> <!-- com.assesment.com.DouglasCookieTest -->
