<?xml version="1.0" encoding="UTF-8"?>
<!-- Generated by org.testng.reporters.JUnitReportReporter -->
<testsuite hostname="DESKTOP-HDDG8Q7" failures="0" tests="1" name="com.assesment.com.CookieBannerTest" time="1.532" errors="0" timestamp="2025-03-29T21:52:00 IST" skipped="0">
  <testcase classname="com.assesment.com.CookieBannerTest" name="testNavigateAndClickParfum" time="1.532"/>
  <system-out/>
</testsuite> <!-- com.assesment.com.CookieBannerTest -->
