<?xml version="1.0" encoding="UTF-8"?>
<!-- Generated by org.testng.reporters.JUnitReportReporter -->
<testsuite hostname="DESKTOP-HDDG8Q7" failures="0" tests="9" name="com.assesment.com.DouglasTest" time="170.336" errors="0" timestamp="2025-03-30T22:38:03 IST" skipped="0">
  <testcase classname="com.assesment.com.DouglasTest" name="handleCookieBanner" time="20.188"/>
  <system-out/>
  <testcase classname="com.assesment.com.DouglasTest" name="testNavigateAndClickParfum" time="1.515"/>
  <system-out/>
  <testcase classname="com.assesment.com.DouglasTest" name="testEachFilterSeparately" time="20.381"/>
  <system-out/>
  <testcase classname="com.assesment.com.DouglasTest" name="testEachFilterSeparately" time="21.058"/>
  <system-out/>
  <testcase classname="com.assesment.com.DouglasTest" name="testEachFilterSeparately" time="20.289"/>
  <system-out/>
  <testcase classname="com.assesment.com.DouglasTest" name="testEachFilterSeparately" time="20.267"/>
  <system-out/>
  <testcase classname="com.assesment.com.DouglasTest" name="testEachFilterSeparately" time="20.659"/>
  <system-out/>
  <testcase classname="com.assesment.com.DouglasTest" name="testEachFilterSeparately" time="20.343"/>
  <system-out/>
  <testcase classname="com.assesment.com.DouglasTest" name="testEachFilterSeparately" time="25.636"/>
  <system-out/>
</testsuite> <!-- com.assesment.com.DouglasTest -->
